<?xml version="1.0" encoding="UTF-8"?>
<!-- Generated by org.testng.reporters.JUnitXMLReporter -->
<testsuite hostname="HomePc" name="Default test" tests="4" failures="0" timestamp="21 Feb 2024 17:56:06 GMT" time="25.231" errors="0">
  <testcase name="testPostUser" time="16.123" classname="api_test.UserTest1"/>
  <testcase name="testGetUser" time="2.244" classname="api_test.UserTest1"/>
  <testcase name="testUpdateUser" time="4.781" classname="api_test.UserTest1"/>
  <testcase name="testDeleteUser" time="1.934" classname="api_test.UserTest1"/>
</testsuite> <!-- Default test -->
