<?xml version="1.0" encoding="UTF-8"?>
<testng-results skipped="0" failed="0" total="4" passed="4">
  <reporter-output>
  </reporter-output>
  <suite name="Default suite" duration-ms="25231" started-at="2024-02-21T17:55:40Z" finished-at="2024-02-21T17:56:05Z">
    <groups>
    </groups>
    <test name="Default test" duration-ms="25231" started-at="2024-02-21T17:55:40Z" finished-at="2024-02-21T17:56:05Z">
      <class name="api_test.UserTest1">
        <test-method status="PASS" signature="setupData()[pri:0, instance:api_test.UserTest1@5a61f5df]" name="setupData" is-config="true" duration-ms="93" started-at="2024-02-21T23:25:40Z" finished-at="2024-02-21T23:25:40Z">
          <reporter-output>
          </reporter-output>
        </test-method> <!-- setupData -->
        <test-method status="PASS" signature="testPostUser()[pri:1, instance:api_test.UserTest1@5a61f5df]" name="testPostUser" duration-ms="16123" started-at="2024-02-21T23:25:40Z" finished-at="2024-02-21T23:25:56Z">
          <reporter-output>
          </reporter-output>
        </test-method> <!-- testPostUser -->
        <test-method status="PASS" signature="testGetUser()[pri:2, instance:api_test.UserTest1@5a61f5df]" name="testGetUser" duration-ms="2244" started-at="2024-02-21T23:25:56Z" finished-at="2024-02-21T23:25:59Z">
          <reporter-output>
          </reporter-output>
        </test-method> <!-- testGetUser -->
        <test-method status="PASS" signature="testUpdateUser()[pri:3, instance:api_test.UserTest1@5a61f5df]" name="testUpdateUser" duration-ms="4781" started-at="2024-02-21T23:25:59Z" finished-at="2024-02-21T23:26:03Z">
          <reporter-output>
          </reporter-output>
        </test-method> <!-- testUpdateUser -->
        <test-method status="PASS" signature="testDeleteUser()[pri:4, instance:api_test.UserTest1@5a61f5df]" name="testDeleteUser" duration-ms="1934" started-at="2024-02-21T23:26:03Z" finished-at="2024-02-21T23:26:05Z">
          <reporter-output>
          </reporter-output>
        </test-method> <!-- testDeleteUser -->
      </class> <!-- api_test.UserTest1 -->
    </test> <!-- Default test -->
  </suite> <!-- Default suite -->
</testng-results>
