<?xml version="1.0" encoding="UTF-8"?>
<!-- Generated by org.testng.reporters.JUnitXMLReporter -->
<testsuite hostname="HomePc" name="Test" tests="5" failures="3" timestamp="26 Feb 2024 18:02:49 GMT" time="111.888" errors="0">
  <testcase name="loginDDT" time="21.336" classname="com.MyFrame.Testcases.TC_LoginDDT_001"/>
  <testcase name="loginDDT" time="14.834" classname="com.MyFrame.Testcases.TC_LoginDDT_001">
    <failure type="junit.framework.AssertionFailedError">
      <![CDATA[junit.framework.AssertionFailedError
	at junit.framework.Assert.fail(Assert.java:47)
	at junit.framework.Assert.assertTrue(Assert.java:20)
	at junit.framework.Assert.assertTrue(Assert.java:27)
	at com.MyFrame.Testcases.TC_LoginDDT_001.loginDDT(TC_LoginDDT_001.java:39)
... Removed 24 stack frames]]>
    </failure>
  </testcase> <!-- loginDDT -->
  <testcase name="loginDDT" time="16.002" classname="com.MyFrame.Testcases.TC_LoginDDT_001">
    <failure type="junit.framework.AssertionFailedError">
      <![CDATA[junit.framework.AssertionFailedError
	at junit.framework.Assert.fail(Assert.java:47)
	at junit.framework.Assert.assertTrue(Assert.java:20)
	at junit.framework.Assert.assertTrue(Assert.java:27)
	at com.MyFrame.Testcases.TC_LoginDDT_001.loginDDT(TC_LoginDDT_001.java:39)
... Removed 24 stack frames]]>
    </failure>
  </testcase> <!-- loginDDT -->
  <testcase name="loginDDT" time="20.79" classname="com.MyFrame.Testcases.TC_LoginDDT_001"/>
  <testcase name="loginDDT" time="15.311" classname="com.MyFrame.Testcases.TC_LoginDDT_001">
    <failure type="junit.framework.AssertionFailedError">
      <![CDATA[junit.framework.AssertionFailedError
	at junit.framework.Assert.fail(Assert.java:47)
	at junit.framework.Assert.assertTrue(Assert.java:20)
	at junit.framework.Assert.assertTrue(Assert.java:27)
	at com.MyFrame.Testcases.TC_LoginDDT_001.loginDDT(TC_LoginDDT_001.java:39)
... Removed 24 stack frames]]>
    </failure>
  </testcase> <!-- loginDDT -->
</testsuite> <!-- Test -->
