<?xml version="1.0" encoding="UTF-8"?>
<testng-results skipped="0" failed="0" total="1" passed="1">
  <reporter-output>
  </reporter-output>
  <suite name="Suite" duration-ms="65948" started-at="2024-02-20T13:29:53Z" finished-at="2024-02-20T13:30:59Z">
    <groups>
    </groups>
    <test name="Test" duration-ms="65948" started-at="2024-02-20T13:29:53Z" finished-at="2024-02-20T13:30:59Z">
      <class name="com.MyFrame.Testcases.TC_Loginpage_001">
        <test-method status="PASS" signature="setup(java.lang.String)[pri:0, instance:com.MyFrame.Testcases.TC_Loginpage_001@6a024a67]" name="setup" is-config="true" duration-ms="58554" started-at="2024-02-20T18:59:53Z" finished-at="2024-02-20T19:00:52Z">
          <params>
            <param index="0">
              <value>
                <![CDATA[chrome]]>
              </value>
            </param>
          </params>
          <reporter-output>
          </reporter-output>
        </test-method> <!-- setup -->
        <test-method status="PASS" signature="loginTest()[pri:0, instance:com.MyFrame.Testcases.TC_Loginpage_001@6a024a67]" name="loginTest" duration-ms="6622" started-at="2024-02-20T19:00:52Z" finished-at="2024-02-20T19:00:58Z">
          <reporter-output>
          </reporter-output>
        </test-method> <!-- loginTest -->
        <test-method status="PASS" signature="tesrdown()[pri:0, instance:com.MyFrame.Testcases.TC_Loginpage_001@6a024a67]" name="tesrdown" is-config="true" duration-ms="0" started-at="2024-02-20T19:00:59Z" finished-at="2024-02-20T19:00:59Z">
          <reporter-output>
          </reporter-output>
        </test-method> <!-- tesrdown -->
      </class> <!-- com.MyFrame.Testcases.TC_Loginpage_001 -->
    </test> <!-- Test -->
  </suite> <!-- Suite -->
</testng-results>
