<?xml version="1.0" encoding="UTF-8"?>
<testng-results skipped="0" failed="0" total="2" passed="2">
  <reporter-output>
  </reporter-output>
  <suite name="Default suite" duration-ms="8986" started-at="2024-02-17T04:58:16Z" finished-at="2024-02-17T04:58:25Z">
    <groups>
    </groups>
    <test name="Default test" duration-ms="8986" started-at="2024-02-17T04:58:16Z" finished-at="2024-02-17T04:58:25Z">
      <class name="practice.ReqResSpcBuilder_callingBodyFromanotherClass">
        <test-method status="PASS" signature="ReqResbuilder()[pri:0, instance:practice.ReqResSpcBuilder_callingBodyFromanotherClass@56cbfb61]" name="ReqResbuilder" is-config="true" duration-ms="1219" started-at="2024-02-17T10:28:16Z" finished-at="2024-02-17T10:28:18Z">
          <reporter-output>
          </reporter-output>
        </test-method> <!-- ReqResbuilder -->
        <test-method status="PASS" signature="createUser()[pri:1, instance:practice.ReqResSpcBuilder_callingBodyFromanotherClass@56cbfb61]" name="createUser" duration-ms="5908" started-at="2024-02-17T10:28:18Z" finished-at="2024-02-17T10:28:24Z">
          <reporter-output>
          </reporter-output>
        </test-method> <!-- createUser -->
        <test-method status="PASS" signature="getuserdetails()[pri:2, instance:practice.ReqResSpcBuilder_callingBodyFromanotherClass@56cbfb61]" name="getuserdetails" duration-ms="1842" started-at="2024-02-17T10:28:24Z" finished-at="2024-02-17T10:28:25Z">
          <reporter-output>
          </reporter-output>
        </test-method> <!-- getuserdetails -->
      </class> <!-- practice.ReqResSpcBuilder_callingBodyFromanotherClass -->
    </test> <!-- Default test -->
  </suite> <!-- Default suite -->
</testng-results>
